<?xml version="1.0" encoding="UTF-8"?>
<testsuite xmlns:xsi="http://www.w3.org/2001/XMLSchema-instance" xsi:noNamespaceSchemaLocation="https://maven.apache.org/surefire/maven-surefire-plugin/xsd/surefire-test-report.xsd" version="3.0.2" name="es.udc.rs.orders.test.model.orderservice.OrderServiceTest" time="0.184" tests="17" errors="0" skipped="0" failures="0">
  <properties>
[...]
</properties>
  <testcase name="testChangeOrderStatus_nullStatus" classname="es.udc.rs.orders.test.model.orderservice.OrderServiceTest" time="0.044"/>
  <testcase name="testChangeOrderStatus_invalidTransition" classname="es.udc.rs.orders.test.model.orderservice.OrderServiceTest" time="0.013"/>
  <testcase name="testFindOrdersByCustomer_pagination" classname="es.udc.rs.orders.test.model.orderservice.OrderServiceTest" time="0.006"/>
  <testcase name="testRemoveCustomer_withOrders_conflict" classname="es.udc.rs.orders.test.model.orderservice.OrderServiceTest" time="0.005"/>
  <testcase name="testAddAndFindCustomerByIdAndDni" classname="es.udc.rs.orders.test.model.orderservice.OrderServiceTest" time="0.003"/>
  <testcase name="testFindOrdersByCustomer_filterAndPaginate" classname="es.udc.rs.orders.test.model.orderservice.OrderServiceTest" time="0.004"/>
  <testcase name="testChangeOrderStatus_validTransitions" classname="es.udc.rs.orders.test.model.orderservice.OrderServiceTest" time="0.005"/>
  <testcase name="testAddOrder_invalidLines" classname="es.udc.rs.orders.test.model.orderservice.OrderServiceTest" time="0.002"/>
  <testcase name="testFindCustomersByName_caseInsensitiveContains" classname="es.udc.rs.orders.test.model.orderservice.OrderServiceTest" time="0.001"/>
  <testcase name="testUpdateCustomer" classname="es.udc.rs.orders.test.model.orderservice.OrderServiceTest" time="0.006"/>
  <testcase name="testAddCustomer_invalidData" classname="es.udc.rs.orders.test.model.orderservice.OrderServiceTest" time="0.003"/>
  <testcase name="testFindCustomersByName_emptyText" classname="es.udc.rs.orders.test.model.orderservice.OrderServiceTest" time="0.008"/>
  <testcase name="testRemoveCustomer_withoutOrders_ok" classname="es.udc.rs.orders.test.model.orderservice.OrderServiceTest" time="0.006"/>
  <testcase name="testFindOrdersByCustomer_invalidPagination" classname="es.udc.rs.orders.test.model.orderservice.OrderServiceTest" time="0.004"/>
  <testcase name="testAddAndFindOrder" classname="es.udc.rs.orders.test.model.orderservice.OrderServiceTest" time="0.002"/>
  <testcase name="testAddCustomer_duplicateDni" classname="es.udc.rs.orders.test.model.orderservice.OrderServiceTest" time="0.006"/>
  <testcase name="testAddOrder_invalidCustomer" classname="es.udc.rs.orders.test.model.orderservice.OrderServiceTest" time="0.005"/>
</testsuite>